[2023-12-03 22:03:51] local.ERROR: Method App\Http\Controllers\DashboardController::logoutpage does not exist. {"userId":2009,"exception":"[object] (BadMethodCallException(code: 0): Method App\\Http\\Controllers\\DashboardController::logoutpage does not exist. at C:\\Users\\Will\\Desktop\\Final Project\\Project\\program\\2\\laravelc6-main\\vendor\\laravel\\framework\\src\\Illuminate\\Routing\\Controller.php:68)
[stacktrace]
#0 C:\\Users\\Will\\Desktop\\Final Project\\Project\\program\\2\\laravelc6-main\\vendor\\laravel\\framework\\src\\Illuminate\\Routing\\Controller.php(54): Illuminate\\Routing\\Controller->__call()
#1 C:\\Users\\Will\\Desktop\\Final Project\\Project\\program\\2\\laravelc6-main\\vendor\\laravel\\framework\\src\\Illuminate\\Routing\\ControllerDispatcher.php(43): Illuminate\\Routing\\Controller->callAction()
#2 C:\\Users\\Will\\Desktop\\Final Project\\Project\\program\\2\\laravelc6-main\\vendor\\laravel\\framework\\src\\Illuminate\\Routing\\Route.php(259): Illuminate\\Routing\\ControllerDispatcher->dispatch()
#3 C:\\Users\\Will\\Desktop\\Final Project\\Project\\program\\2\\laravelc6-main\\vendor\\laravel\\framework\\src\\Illuminate\\Routing\\Route.php(205): Illuminate\\Routing\\Route->runController()
#4 C:\\Users\\Will\\Desktop\\Final Project\\Project\\program\\2\\laravelc6-main\\vendor\\laravel\\framework\\src\\Illuminate\\Routing\\Router.php(799): Illuminate\\Routing\\Route->run()
#5 C:\\Users\\Will\\Desktop\\Final Project\\Project\\program\\2\\laravelc6-main\\vendor\\laravel\\framework\\src\\Illuminate\\Pipeline\\Pipeline.php(141): Illuminate\\Routing\\Router->Illuminate\\Routing\\{closure}()
#6 C:\\Users\\Will\\Desktop\\Final Project\\Project\\program\\2\\laravelc6-main\\app\\Http\\Middleware\\ChecksUser.php(22): Illuminate\\Pipeline\\Pipeline->Illuminate\\Pipeline\\{closure}()
#7 C:\\Users\\Will\\Desktop\\Final Project\\Project\\program\\2\\laravelc6-main\\vendor\\laravel\\framework\\src\\Illuminate\\Pipeline\\Pipeline.php(180): App\\Http\\Middleware\\ChecksUser->handle()
#8 C:\\Users\\Will\\Desktop\\Final Project\\Project\\program\\2\\laravelc6-main\\vendor\\inertiajs\\inertia-laravel\\src\\Middleware.php(87): Illuminate\\Pipeline\\Pipeline->Illuminate\\Pipeline\\{closure}()
#9 C:\\Users\\Will\\Desktop\\Final Project\\Project\\program\\2\\laravelc6-main\\vendor\\laravel\\framework\\src\\Illuminate\\Pipeline\\Pipeline.php(180): Inertia\\Middleware->handle()
#10 C:\\Users\\Will\\Desktop\\Final Project\\Project\\program\\2\\laravelc6-main\\vendor\\laravel\\framework\\src\\Illuminate\\Routing\\Middleware\\SubstituteBindings.php(50): Illuminate\\Pipeline\\Pipeline->Illuminate\\Pipeline\\{closure}()
#11 C:\\Users\\Will\\Desktop\\Final Project\\Project\\program\\2\\laravelc6-main\\vendor\\laravel\\framework\\src\\Illuminate\\Pipeline\\Pipeline.php(180): Illuminate\\Routing\\Middleware\\SubstituteBindings->handle()
#12 C:\\Users\\Will\\Desktop\\Final Project\\Project\\program\\2\\laravelc6-main\\vendor\\laravel\\framework\\src\\Illuminate\\Foundation\\Http\\Middleware\\VerifyCsrfToken.php(78): Illuminate\\Pipeline\\Pipeline->Illuminate\\Pipeline\\{closure}()
#13 C:\\Users\\Will\\Desktop\\Final Project\\Project\\program\\2\\laravelc6-main\\vendor\\laravel\\framework\\src\\Illuminate\\Pipeline\\Pipeline.php(180): Illuminate\\Foundation\\Http\\Middleware\\VerifyCsrfToken->handle()
#14 C:\\Users\\Will\\Desktop\\Final Project\\Project\\program\\2\\laravelc6-main\\vendor\\laravel\\framework\\src\\Illuminate\\View\\Middleware\\ShareErrorsFromSession.php(49): Illuminate\\Pipeline\\Pipeline->Illuminate\\Pipeline\\{closure}()
#15 C:\\Users\\Will\\Desktop\\Final Project\\Project\\program\\2\\laravelc6-main\\vendor\\laravel\\framework\\src\\Illuminate\\Pipeline\\Pipeline.php(180): Illuminate\\View\\Middleware\\ShareErrorsFromSession->handle()
#16 C:\\Users\\Will\\Desktop\\Final Project\\Project\\program\\2\\laravelc6-main\\vendor\\laravel\\framework\\src\\Illuminate\\Session\\Middleware\\StartSession.php(121): Illuminate\\Pipeline\\Pipeline->Illuminate\\Pipeline\\{closure}()
#17 C:\\Users\\Will\\Desktop\\Final Project\\Project\\program\\2\\laravelc6-main\\vendor\\laravel\\framework\\src\\Illuminate\\Session\\Middleware\\StartSession.php(64): Illuminate\\Session\\Middleware\\StartSession->handleStatefulRequest()
#18 C:\\Users\\Will\\Desktop\\Final Project\\Project\\program\\2\\laravelc6-main\\vendor\\laravel\\framework\\src\\Illuminate\\Pipeline\\Pipeline.php(180): Illuminate\\Session\\Middleware\\StartSession->handle()
#19 C:\\Users\\Will\\Desktop\\Final Project\\Project\\program\\2\\laravelc6-main\\vendor\\laravel\\framework\\src\\Illuminate\\Cookie\\Middleware\\AddQueuedCookiesToResponse.php(37): Illuminate\\Pipeline\\Pipeline->Illuminate\\Pipeline\\{closure}()
#20 C:\\Users\\Will\\Desktop\\Final Project\\Project\\program\\2\\laravelc6-main\\vendor\\laravel\\framework\\src\\Illuminate\\Pipeline\\Pipeline.php(180): Illuminate\\Cookie\\Middleware\\AddQueuedCookiesToResponse->handle()
#21 C:\\Users\\Will\\Desktop\\Final Project\\Project\\program\\2\\laravelc6-main\\vendor\\laravel\\framework\\src\\Illuminate\\Cookie\\Middleware\\EncryptCookies.php(67): Illuminate\\Pipeline\\Pipeline->Illuminate\\Pipeline\\{closure}()
#22 C:\\Users\\Will\\Desktop\\Final Project\\Project\\program\\2\\laravelc6-main\\vendor\\laravel\\framework\\src\\Illuminate\\Pipeline\\Pipeline.php(180): Illuminate\\Cookie\\Middleware\\EncryptCookies->handle()
#23 C:\\Users\\Will\\Desktop\\Final Project\\Project\\program\\2\\laravelc6-main\\vendor\\laravel\\framework\\src\\Illuminate\\Pipeline\\Pipeline.php(116): Illuminate\\Pipeline\\Pipeline->Illuminate\\Pipeline\\{closure}()
#24 C:\\Users\\Will\\Desktop\\Final Project\\Project\\program\\2\\laravelc6-main\\vendor\\laravel\\framework\\src\\Illuminate\\Routing\\Router.php(798): Illuminate\\Pipeline\\Pipeline->then()
#25 C:\\Users\\Will\\Desktop\\Final Project\\Project\\program\\2\\laravelc6-main\\vendor\\laravel\\framework\\src\\Illuminate\\Routing\\Router.php(777): Illuminate\\Routing\\Router->runRouteWithinStack()
#26 C:\\Users\\Will\\Desktop\\Final Project\\Project\\program\\2\\laravelc6-main\\vendor\\laravel\\framework\\src\\Illuminate\\Routing\\Router.php(741): Illuminate\\Routing\\Router->runRoute()
#27 C:\\Users\\Will\\Desktop\\Final Project\\Project\\program\\2\\laravelc6-main\\vendor\\laravel\\framework\\src\\Illuminate\\Routing\\Router.php(730): Illuminate\\Routing\\Router->dispatchToRoute()
#28 C:\\Users\\Will\\Desktop\\Final Project\\Project\\program\\2\\laravelc6-main\\vendor\\laravel\\framework\\src\\Illuminate\\Foundation\\Http\\Kernel.php(200): Illuminate\\Routing\\Router->dispatch()
#29 C:\\Users\\Will\\Desktop\\Final Project\\Project\\program\\2\\laravelc6-main\\vendor\\laravel\\framework\\src\\Illuminate\\Pipeline\\Pipeline.php(141): Illuminate\\Foundation\\Http\\Kernel->Illuminate\\Foundation\\Http\\{closure}()
#30 C:\\Users\\Will\\Desktop\\Final Project\\Project\\program\\2\\laravelc6-main\\vendor\\barryvdh\\laravel-debugbar\\src\\Middleware\\InjectDebugbar.php(66): Illuminate\\Pipeline\\Pipeline->Illuminate\\Pipeline\\{closure}()
#31 C:\\Users\\Will\\Desktop\\Final Project\\Project\\program\\2\\laravelc6-main\\vendor\\laravel\\framework\\src\\Illuminate\\Pipeline\\Pipeline.php(180): Barryvdh\\Debugbar\\Middleware\\InjectDebugbar->handle()
#32 C:\\Users\\Will\\Desktop\\Final Project\\Project\\program\\2\\laravelc6-main\\vendor\\laravel\\framework\\src\\Illuminate\\Foundation\\Http\\Middleware\\TransformsRequest.php(21): Illuminate\\Pipeline\\Pipeline->Illuminate\\Pipeline\\{closure}()
#33 C:\\Users\\Will\\Desktop\\Final Project\\Project\\program\\2\\laravelc6-main\\vendor\\laravel\\framework\\src\\Illuminate\\Foundation\\Http\\Middleware\\ConvertEmptyStringsToNull.php(31): Illuminate\\Foundation\\Http\\Middleware\\TransformsRequest->handle()
#34 C:\\Users\\Will\\Desktop\\Final Project\\Project\\program\\2\\laravelc6-main\\vendor\\laravel\\framework\\src\\Illuminate\\Pipeline\\Pipeline.php(180): Illuminate\\Foundation\\Http\\Middleware\\ConvertEmptyStringsToNull->handle()
#35 C:\\Users\\Will\\Desktop\\Final Project\\Project\\program\\2\\laravelc6-main\\vendor\\laravel\\framework\\src\\Illuminate\\Foundation\\Http\\Middleware\\TransformsRequest.php(21): Illuminate\\Pipeline\\Pipeline->Illuminate\\Pipeline\\{closure}()
#36 C:\\Users\\Will\\Desktop\\Final Project\\Project\\program\\2\\laravelc6-main\\vendor\\laravel\\framework\\src\\Illuminate\\Foundation\\Http\\Middleware\\TrimStrings.php(40): Illuminate\\Foundation\\Http\\Middleware\\TransformsRequest->handle()
#37 C:\\Users\\Will\\Desktop\\Final Project\\Project\\program\\2\\laravelc6-main\\vendor\\laravel\\framework\\src\\Illuminate\\Pipeline\\Pipeline.php(180): Illuminate\\Foundation\\Http\\Middleware\\TrimStrings->handle()
#38 C:\\Users\\Will\\Desktop\\Final Project\\Project\\program\\2\\laravelc6-main\\vendor\\laravel\\framework\\src\\Illuminate\\Foundation\\Http\\Middleware\\ValidatePostSize.php(27): Illuminate\\Pipeline\\Pipeline->Illuminate\\Pipeline\\{closure}()
#39 C:\\Users\\Will\\Desktop\\Final Project\\Project\\program\\2\\laravelc6-main\\vendor\\laravel\\framework\\src\\Illuminate\\Pipeline\\Pipeline.php(180): Illuminate\\Foundation\\Http\\Middleware\\ValidatePostSize->handle()
#40 C:\\Users\\Will\\Desktop\\Final Project\\Project\\program\\2\\laravelc6-main\\vendor\\laravel\\framework\\src\\Illuminate\\Foundation\\Http\\Middleware\\PreventRequestsDuringMaintenance.php(99): Illuminate\\Pipeline\\Pipeline->Illuminate\\Pipeline\\{closure}()
#41 C:\\Users\\Will\\Desktop\\Final Project\\Project\\program\\2\\laravelc6-main\\vendor\\laravel\\framework\\src\\Illuminate\\Pipeline\\Pipeline.php(180): Illuminate\\Foundation\\Http\\Middleware\\PreventRequestsDuringMaintenance->handle()
#42 C:\\Users\\Will\\Desktop\\Final Project\\Project\\program\\2\\laravelc6-main\\vendor\\laravel\\framework\\src\\Illuminate\\Http\\Middleware\\HandleCors.php(49): Illuminate\\Pipeline\\Pipeline->Illuminate\\Pipeline\\{closure}()
#43 C:\\Users\\Will\\Desktop\\Final Project\\Project\\program\\2\\laravelc6-main\\vendor\\laravel\\framework\\src\\Illuminate\\Pipeline\\Pipeline.php(180): Illuminate\\Http\\Middleware\\HandleCors->handle()
#44 C:\\Users\\Will\\Desktop\\Final Project\\Project\\program\\2\\laravelc6-main\\vendor\\laravel\\framework\\src\\Illuminate\\Http\\Middleware\\TrustProxies.php(39): Illuminate\\Pipeline\\Pipeline->Illuminate\\Pipeline\\{closure}()
#45 C:\\Users\\Will\\Desktop\\Final Project\\Project\\program\\2\\laravelc6-main\\vendor\\laravel\\framework\\src\\Illuminate\\Pipeline\\Pipeline.php(180): Illuminate\\Http\\Middleware\\TrustProxies->handle()
#46 C:\\Users\\Will\\Desktop\\Final Project\\Project\\program\\2\\laravelc6-main\\vendor\\laravel\\framework\\src\\Illuminate\\Pipeline\\Pipeline.php(116): Illuminate\\Pipeline\\Pipeline->Illuminate\\Pipeline\\{closure}()
#47 C:\\Users\\Will\\Desktop\\Final Project\\Project\\program\\2\\laravelc6-main\\vendor\\laravel\\framework\\src\\Illuminate\\Foundation\\Http\\Kernel.php(175): Illuminate\\Pipeline\\Pipeline->then()
#48 C:\\Users\\Will\\Desktop\\Final Project\\Project\\program\\2\\laravelc6-main\\vendor\\laravel\\framework\\src\\Illuminate\\Foundation\\Http\\Kernel.php(144): Illuminate\\Foundation\\Http\\Kernel->sendRequestThroughRouter()
#49 C:\\Users\\Will\\Desktop\\Final Project\\Project\\program\\2\\laravelc6-main\\public\\index.php(51): Illuminate\\Foundation\\Http\\Kernel->handle()
#50 C:\\Users\\Will\\Desktop\\Final Project\\Project\\program\\2\\laravelc6-main\\vendor\\laravel\\framework\\src\\Illuminate\\Foundation\\resources\\server.php(16): require_once('...')
#51 {main}
"} 
[2023-12-03 22:06:44] local.ERROR: Method App\Http\Controllers\DashboardController::logout does not exist. {"userId":2009,"exception":"[object] (BadMethodCallException(code: 0): Method App\\Http\\Controllers\\DashboardController::logout does not exist. at C:\\Users\\Will\\Desktop\\Final Project\\Project\\program\\2\\laravelc6-main\\vendor\\laravel\\framework\\src\\Illuminate\\Routing\\Controller.php:68)
[stacktrace]
#0 C:\\Users\\Will\\Desktop\\Final Project\\Project\\program\\2\\laravelc6-main\\vendor\\laravel\\framework\\src\\Illuminate\\Routing\\Controller.php(54): Illuminate\\Routing\\Controller->__call()
#1 C:\\Users\\Will\\Desktop\\Final Project\\Project\\program\\2\\laravelc6-main\\vendor\\laravel\\framework\\src\\Illuminate\\Routing\\ControllerDispatcher.php(43): Illuminate\\Routing\\Controller->callAction()
#2 C:\\Users\\Will\\Desktop\\Final Project\\Project\\program\\2\\laravelc6-main\\vendor\\laravel\\framework\\src\\Illuminate\\Routing\\Route.php(259): Illuminate\\Routing\\ControllerDispatcher->dispatch()
#3 C:\\Users\\Will\\Desktop\\Final Project\\Project\\program\\2\\laravelc6-main\\vendor\\laravel\\framework\\src\\Illuminate\\Routing\\Route.php(205): Illuminate\\Routing\\Route->runController()
#4 C:\\Users\\Will\\Desktop\\Final Project\\Project\\program\\2\\laravelc6-main\\vendor\\laravel\\framework\\src\\Illuminate\\Routing\\Router.php(799): Illuminate\\Routing\\Route->run()
#5 C:\\Users\\Will\\Desktop\\Final Project\\Project\\program\\2\\laravelc6-main\\vendor\\laravel\\framework\\src\\Illuminate\\Pipeline\\Pipeline.php(141): Illuminate\\Routing\\Router->Illuminate\\Routing\\{closure}()
#6 C:\\Users\\Will\\Desktop\\Final Project\\Project\\program\\2\\laravelc6-main\\app\\Http\\Middleware\\ChecksUser.php(22): Illuminate\\Pipeline\\Pipeline->Illuminate\\Pipeline\\{closure}()
#7 C:\\Users\\Will\\Desktop\\Final Project\\Project\\program\\2\\laravelc6-main\\vendor\\laravel\\framework\\src\\Illuminate\\Pipeline\\Pipeline.php(180): App\\Http\\Middleware\\ChecksUser->handle()
#8 C:\\Users\\Will\\Desktop\\Final Project\\Project\\program\\2\\laravelc6-main\\vendor\\inertiajs\\inertia-laravel\\src\\Middleware.php(87): Illuminate\\Pipeline\\Pipeline->Illuminate\\Pipeline\\{closure}()
#9 C:\\Users\\Will\\Desktop\\Final Project\\Project\\program\\2\\laravelc6-main\\vendor\\laravel\\framework\\src\\Illuminate\\Pipeline\\Pipeline.php(180): Inertia\\Middleware->handle()
#10 C:\\Users\\Will\\Desktop\\Final Project\\Project\\program\\2\\laravelc6-main\\vendor\\laravel\\framework\\src\\Illuminate\\Routing\\Middleware\\SubstituteBindings.php(50): Illuminate\\Pipeline\\Pipeline->Illuminate\\Pipeline\\{closure}()
#11 C:\\Users\\Will\\Desktop\\Final Project\\Project\\program\\2\\laravelc6-main\\vendor\\laravel\\framework\\src\\Illuminate\\Pipeline\\Pipeline.php(180): Illuminate\\Routing\\Middleware\\SubstituteBindings->handle()
#12 C:\\Users\\Will\\Desktop\\Final Project\\Project\\program\\2\\laravelc6-main\\vendor\\laravel\\framework\\src\\Illuminate\\Foundation\\Http\\Middleware\\VerifyCsrfToken.php(78): Illuminate\\Pipeline\\Pipeline->Illuminate\\Pipeline\\{closure}()
#13 C:\\Users\\Will\\Desktop\\Final Project\\Project\\program\\2\\laravelc6-main\\vendor\\laravel\\framework\\src\\Illuminate\\Pipeline\\Pipeline.php(180): Illuminate\\Foundation\\Http\\Middleware\\VerifyCsrfToken->handle()
#14 C:\\Users\\Will\\Desktop\\Final Project\\Project\\program\\2\\laravelc6-main\\vendor\\laravel\\framework\\src\\Illuminate\\View\\Middleware\\ShareErrorsFromSession.php(49): Illuminate\\Pipeline\\Pipeline->Illuminate\\Pipeline\\{closure}()
#15 C:\\Users\\Will\\Desktop\\Final Project\\Project\\program\\2\\laravelc6-main\\vendor\\laravel\\framework\\src\\Illuminate\\Pipeline\\Pipeline.php(180): Illuminate\\View\\Middleware\\ShareErrorsFromSession->handle()
#16 C:\\Users\\Will\\Desktop\\Final Project\\Project\\program\\2\\laravelc6-main\\vendor\\laravel\\framework\\src\\Illuminate\\Session\\Middleware\\StartSession.php(121): Illuminate\\Pipeline\\Pipeline->Illuminate\\Pipeline\\{closure}()
#17 C:\\Users\\Will\\Desktop\\Final Project\\Project\\program\\2\\laravelc6-main\\vendor\\laravel\\framework\\src\\Illuminate\\Session\\Middleware\\StartSession.php(64): Illuminate\\Session\\Middleware\\StartSession->handleStatefulRequest()
#18 C:\\Users\\Will\\Desktop\\Final Project\\Project\\program\\2\\laravelc6-main\\vendor\\laravel\\framework\\src\\Illuminate\\Pipeline\\Pipeline.php(180): Illuminate\\Session\\Middleware\\StartSession->handle()
#19 C:\\Users\\Will\\Desktop\\Final Project\\Project\\program\\2\\laravelc6-main\\vendor\\laravel\\framework\\src\\Illuminate\\Cookie\\Middleware\\AddQueuedCookiesToResponse.php(37): Illuminate\\Pipeline\\Pipeline->Illuminate\\Pipeline\\{closure}()
#20 C:\\Users\\Will\\Desktop\\Final Project\\Project\\program\\2\\laravelc6-main\\vendor\\laravel\\framework\\src\\Illuminate\\Pipeline\\Pipeline.php(180): Illuminate\\Cookie\\Middleware\\AddQueuedCookiesToResponse->handle()
#21 C:\\Users\\Will\\Desktop\\Final Project\\Project\\program\\2\\laravelc6-main\\vendor\\laravel\\framework\\src\\Illuminate\\Cookie\\Middleware\\EncryptCookies.php(67): Illuminate\\Pipeline\\Pipeline->Illuminate\\Pipeline\\{closure}()
#22 C:\\Users\\Will\\Desktop\\Final Project\\Project\\program\\2\\laravelc6-main\\vendor\\laravel\\framework\\src\\Illuminate\\Pipeline\\Pipeline.php(180): Illuminate\\Cookie\\Middleware\\EncryptCookies->handle()
#23 C:\\Users\\Will\\Desktop\\Final Project\\Project\\program\\2\\laravelc6-main\\vendor\\laravel\\framework\\src\\Illuminate\\Pipeline\\Pipeline.php(116): Illuminate\\Pipeline\\Pipeline->Illuminate\\Pipeline\\{closure}()
#24 C:\\Users\\Will\\Desktop\\Final Project\\Project\\program\\2\\laravelc6-main\\vendor\\laravel\\framework\\src\\Illuminate\\Routing\\Router.php(798): Illuminate\\Pipeline\\Pipeline->then()
#25 C:\\Users\\Will\\Desktop\\Final Project\\Project\\program\\2\\laravelc6-main\\vendor\\laravel\\framework\\src\\Illuminate\\Routing\\Router.php(777): Illuminate\\Routing\\Router->runRouteWithinStack()
#26 C:\\Users\\Will\\Desktop\\Final Project\\Project\\program\\2\\laravelc6-main\\vendor\\laravel\\framework\\src\\Illuminate\\Routing\\Router.php(741): Illuminate\\Routing\\Router->runRoute()
#27 C:\\Users\\Will\\Desktop\\Final Project\\Project\\program\\2\\laravelc6-main\\vendor\\laravel\\framework\\src\\Illuminate\\Routing\\Router.php(730): Illuminate\\Routing\\Router->dispatchToRoute()
#28 C:\\Users\\Will\\Desktop\\Final Project\\Project\\program\\2\\laravelc6-main\\vendor\\laravel\\framework\\src\\Illuminate\\Foundation\\Http\\Kernel.php(200): Illuminate\\Routing\\Router->dispatch()
#29 C:\\Users\\Will\\Desktop\\Final Project\\Project\\program\\2\\laravelc6-main\\vendor\\laravel\\framework\\src\\Illuminate\\Pipeline\\Pipeline.php(141): Illuminate\\Foundation\\Http\\Kernel->Illuminate\\Foundation\\Http\\{closure}()
#30 C:\\Users\\Will\\Desktop\\Final Project\\Project\\program\\2\\laravelc6-main\\vendor\\barryvdh\\laravel-debugbar\\src\\Middleware\\InjectDebugbar.php(66): Illuminate\\Pipeline\\Pipeline->Illuminate\\Pipeline\\{closure}()
#31 C:\\Users\\Will\\Desktop\\Final Project\\Project\\program\\2\\laravelc6-main\\vendor\\laravel\\framework\\src\\Illuminate\\Pipeline\\Pipeline.php(180): Barryvdh\\Debugbar\\Middleware\\InjectDebugbar->handle()
#32 C:\\Users\\Will\\Desktop\\Final Project\\Project\\program\\2\\laravelc6-main\\vendor\\laravel\\framework\\src\\Illuminate\\Foundation\\Http\\Middleware\\TransformsRequest.php(21): Illuminate\\Pipeline\\Pipeline->Illuminate\\Pipeline\\{closure}()
#33 C:\\Users\\Will\\Desktop\\Final Project\\Project\\program\\2\\laravelc6-main\\vendor\\laravel\\framework\\src\\Illuminate\\Foundation\\Http\\Middleware\\ConvertEmptyStringsToNull.php(31): Illuminate\\Foundation\\Http\\Middleware\\TransformsRequest->handle()
#34 C:\\Users\\Will\\Desktop\\Final Project\\Project\\program\\2\\laravelc6-main\\vendor\\laravel\\framework\\src\\Illuminate\\Pipeline\\Pipeline.php(180): Illuminate\\Foundation\\Http\\Middleware\\ConvertEmptyStringsToNull->handle()
#35 C:\\Users\\Will\\Desktop\\Final Project\\Project\\program\\2\\laravelc6-main\\vendor\\laravel\\framework\\src\\Illuminate\\Foundation\\Http\\Middleware\\TransformsRequest.php(21): Illuminate\\Pipeline\\Pipeline->Illuminate\\Pipeline\\{closure}()
#36 C:\\Users\\Will\\Desktop\\Final Project\\Project\\program\\2\\laravelc6-main\\vendor\\laravel\\framework\\src\\Illuminate\\Foundation\\Http\\Middleware\\TrimStrings.php(40): Illuminate\\Foundation\\Http\\Middleware\\TransformsRequest->handle()
#37 C:\\Users\\Will\\Desktop\\Final Project\\Project\\program\\2\\laravelc6-main\\vendor\\laravel\\framework\\src\\Illuminate\\Pipeline\\Pipeline.php(180): Illuminate\\Foundation\\Http\\Middleware\\TrimStrings->handle()
#38 C:\\Users\\Will\\Desktop\\Final Project\\Project\\program\\2\\laravelc6-main\\vendor\\laravel\\framework\\src\\Illuminate\\Foundation\\Http\\Middleware\\ValidatePostSize.php(27): Illuminate\\Pipeline\\Pipeline->Illuminate\\Pipeline\\{closure}()
#39 C:\\Users\\Will\\Desktop\\Final Project\\Project\\program\\2\\laravelc6-main\\vendor\\laravel\\framework\\src\\Illuminate\\Pipeline\\Pipeline.php(180): Illuminate\\Foundation\\Http\\Middleware\\ValidatePostSize->handle()
#40 C:\\Users\\Will\\Desktop\\Final Project\\Project\\program\\2\\laravelc6-main\\vendor\\laravel\\framework\\src\\Illuminate\\Foundation\\Http\\Middleware\\PreventRequestsDuringMaintenance.php(99): Illuminate\\Pipeline\\Pipeline->Illuminate\\Pipeline\\{closure}()
#41 C:\\Users\\Will\\Desktop\\Final Project\\Project\\program\\2\\laravelc6-main\\vendor\\laravel\\framework\\src\\Illuminate\\Pipeline\\Pipeline.php(180): Illuminate\\Foundation\\Http\\Middleware\\PreventRequestsDuringMaintenance->handle()
#42 C:\\Users\\Will\\Desktop\\Final Project\\Project\\program\\2\\laravelc6-main\\vendor\\laravel\\framework\\src\\Illuminate\\Http\\Middleware\\HandleCors.php(49): Illuminate\\Pipeline\\Pipeline->Illuminate\\Pipeline\\{closure}()
#43 C:\\Users\\Will\\Desktop\\Final Project\\Project\\program\\2\\laravelc6-main\\vendor\\laravel\\framework\\src\\Illuminate\\Pipeline\\Pipeline.php(180): Illuminate\\Http\\Middleware\\HandleCors->handle()
#44 C:\\Users\\Will\\Desktop\\Final Project\\Project\\program\\2\\laravelc6-main\\vendor\\laravel\\framework\\src\\Illuminate\\Http\\Middleware\\TrustProxies.php(39): Illuminate\\Pipeline\\Pipeline->Illuminate\\Pipeline\\{closure}()
#45 C:\\Users\\Will\\Desktop\\Final Project\\Project\\program\\2\\laravelc6-main\\vendor\\laravel\\framework\\src\\Illuminate\\Pipeline\\Pipeline.php(180): Illuminate\\Http\\Middleware\\TrustProxies->handle()
#46 C:\\Users\\Will\\Desktop\\Final Project\\Project\\program\\2\\laravelc6-main\\vendor\\laravel\\framework\\src\\Illuminate\\Pipeline\\Pipeline.php(116): Illuminate\\Pipeline\\Pipeline->Illuminate\\Pipeline\\{closure}()
#47 C:\\Users\\Will\\Desktop\\Final Project\\Project\\program\\2\\laravelc6-main\\vendor\\laravel\\framework\\src\\Illuminate\\Foundation\\Http\\Kernel.php(175): Illuminate\\Pipeline\\Pipeline->then()
#48 C:\\Users\\Will\\Desktop\\Final Project\\Project\\program\\2\\laravelc6-main\\vendor\\laravel\\framework\\src\\Illuminate\\Foundation\\Http\\Kernel.php(144): Illuminate\\Foundation\\Http\\Kernel->sendRequestThroughRouter()
#49 C:\\Users\\Will\\Desktop\\Final Project\\Project\\program\\2\\laravelc6-main\\public\\index.php(51): Illuminate\\Foundation\\Http\\Kernel->handle()
#50 C:\\Users\\Will\\Desktop\\Final Project\\Project\\program\\2\\laravelc6-main\\vendor\\laravel\\framework\\src\\Illuminate\\Foundation\\resources\\server.php(16): require_once('...')
#51 {main}
"} 
[2023-12-03 22:09:51] local.ERROR: Method App\Http\Controllers\DashboardController::logOut does not exist. {"userId":2009,"exception":"[object] (BadMethodCallException(code: 0): Method App\\Http\\Controllers\\DashboardController::logOut does not exist. at C:\\Users\\Will\\Desktop\\Final Project\\Project\\program\\2\\laravelc6-main\\vendor\\laravel\\framework\\src\\Illuminate\\Routing\\Controller.php:68)
[stacktrace]
#0 C:\\Users\\Will\\Desktop\\Final Project\\Project\\program\\2\\laravelc6-main\\vendor\\laravel\\framework\\src\\Illuminate\\Routing\\Controller.php(54): Illuminate\\Routing\\Controller->__call()
#1 C:\\Users\\Will\\Desktop\\Final Project\\Project\\program\\2\\laravelc6-main\\vendor\\laravel\\framework\\src\\Illuminate\\Routing\\ControllerDispatcher.php(43): Illuminate\\Routing\\Controller->callAction()
#2 C:\\Users\\Will\\Desktop\\Final Project\\Project\\program\\2\\laravelc6-main\\vendor\\laravel\\framework\\src\\Illuminate\\Routing\\Route.php(259): Illuminate\\Routing\\ControllerDispatcher->dispatch()
#3 C:\\Users\\Will\\Desktop\\Final Project\\Project\\program\\2\\laravelc6-main\\vendor\\laravel\\framework\\src\\Illuminate\\Routing\\Route.php(205): Illuminate\\Routing\\Route->runController()
#4 C:\\Users\\Will\\Desktop\\Final Project\\Project\\program\\2\\laravelc6-main\\vendor\\laravel\\framework\\src\\Illuminate\\Routing\\Router.php(799): Illuminate\\Routing\\Route->run()
#5 C:\\Users\\Will\\Desktop\\Final Project\\Project\\program\\2\\laravelc6-main\\vendor\\laravel\\framework\\src\\Illuminate\\Pipeline\\Pipeline.php(141): Illuminate\\Routing\\Router->Illuminate\\Routing\\{closure}()
#6 C:\\Users\\Will\\Desktop\\Final Project\\Project\\program\\2\\laravelc6-main\\app\\Http\\Middleware\\ChecksUser.php(22): Illuminate\\Pipeline\\Pipeline->Illuminate\\Pipeline\\{closure}()
#7 C:\\Users\\Will\\Desktop\\Final Project\\Project\\program\\2\\laravelc6-main\\vendor\\laravel\\framework\\src\\Illuminate\\Pipeline\\Pipeline.php(180): App\\Http\\Middleware\\ChecksUser->handle()
#8 C:\\Users\\Will\\Desktop\\Final Project\\Project\\program\\2\\laravelc6-main\\vendor\\inertiajs\\inertia-laravel\\src\\Middleware.php(87): Illuminate\\Pipeline\\Pipeline->Illuminate\\Pipeline\\{closure}()
#9 C:\\Users\\Will\\Desktop\\Final Project\\Project\\program\\2\\laravelc6-main\\vendor\\laravel\\framework\\src\\Illuminate\\Pipeline\\Pipeline.php(180): Inertia\\Middleware->handle()
#10 C:\\Users\\Will\\Desktop\\Final Project\\Project\\program\\2\\laravelc6-main\\vendor\\laravel\\framework\\src\\Illuminate\\Routing\\Middleware\\SubstituteBindings.php(50): Illuminate\\Pipeline\\Pipeline->Illuminate\\Pipeline\\{closure}()
#11 C:\\Users\\Will\\Desktop\\Final Project\\Project\\program\\2\\laravelc6-main\\vendor\\laravel\\framework\\src\\Illuminate\\Pipeline\\Pipeline.php(180): Illuminate\\Routing\\Middleware\\SubstituteBindings->handle()
#12 C:\\Users\\Will\\Desktop\\Final Project\\Project\\program\\2\\laravelc6-main\\vendor\\laravel\\framework\\src\\Illuminate\\Foundation\\Http\\Middleware\\VerifyCsrfToken.php(78): Illuminate\\Pipeline\\Pipeline->Illuminate\\Pipeline\\{closure}()
#13 C:\\Users\\Will\\Desktop\\Final Project\\Project\\program\\2\\laravelc6-main\\vendor\\laravel\\framework\\src\\Illuminate\\Pipeline\\Pipeline.php(180): Illuminate\\Foundation\\Http\\Middleware\\VerifyCsrfToken->handle()
#14 C:\\Users\\Will\\Desktop\\Final Project\\Project\\program\\2\\laravelc6-main\\vendor\\laravel\\framework\\src\\Illuminate\\View\\Middleware\\ShareErrorsFromSession.php(49): Illuminate\\Pipeline\\Pipeline->Illuminate\\Pipeline\\{closure}()
#15 C:\\Users\\Will\\Desktop\\Final Project\\Project\\program\\2\\laravelc6-main\\vendor\\laravel\\framework\\src\\Illuminate\\Pipeline\\Pipeline.php(180): Illuminate\\View\\Middleware\\ShareErrorsFromSession->handle()
#16 C:\\Users\\Will\\Desktop\\Final Project\\Project\\program\\2\\laravelc6-main\\vendor\\laravel\\framework\\src\\Illuminate\\Session\\Middleware\\StartSession.php(121): Illuminate\\Pipeline\\Pipeline->Illuminate\\Pipeline\\{closure}()
#17 C:\\Users\\Will\\Desktop\\Final Project\\Project\\program\\2\\laravelc6-main\\vendor\\laravel\\framework\\src\\Illuminate\\Session\\Middleware\\StartSession.php(64): Illuminate\\Session\\Middleware\\StartSession->handleStatefulRequest()
#18 C:\\Users\\Will\\Desktop\\Final Project\\Project\\program\\2\\laravelc6-main\\vendor\\laravel\\framework\\src\\Illuminate\\Pipeline\\Pipeline.php(180): Illuminate\\Session\\Middleware\\StartSession->handle()
#19 C:\\Users\\Will\\Desktop\\Final Project\\Project\\program\\2\\laravelc6-main\\vendor\\laravel\\framework\\src\\Illuminate\\Cookie\\Middleware\\AddQueuedCookiesToResponse.php(37): Illuminate\\Pipeline\\Pipeline->Illuminate\\Pipeline\\{closure}()
#20 C:\\Users\\Will\\Desktop\\Final Project\\Project\\program\\2\\laravelc6-main\\vendor\\laravel\\framework\\src\\Illuminate\\Pipeline\\Pipeline.php(180): Illuminate\\Cookie\\Middleware\\AddQueuedCookiesToResponse->handle()
#21 C:\\Users\\Will\\Desktop\\Final Project\\Project\\program\\2\\laravelc6-main\\vendor\\laravel\\framework\\src\\Illuminate\\Cookie\\Middleware\\EncryptCookies.php(67): Illuminate\\Pipeline\\Pipeline->Illuminate\\Pipeline\\{closure}()
#22 C:\\Users\\Will\\Desktop\\Final Project\\Project\\program\\2\\laravelc6-main\\vendor\\laravel\\framework\\src\\Illuminate\\Pipeline\\Pipeline.php(180): Illuminate\\Cookie\\Middleware\\EncryptCookies->handle()
#23 C:\\Users\\Will\\Desktop\\Final Project\\Project\\program\\2\\laravelc6-main\\vendor\\laravel\\framework\\src\\Illuminate\\Pipeline\\Pipeline.php(116): Illuminate\\Pipeline\\Pipeline->Illuminate\\Pipeline\\{closure}()
#24 C:\\Users\\Will\\Desktop\\Final Project\\Project\\program\\2\\laravelc6-main\\vendor\\laravel\\framework\\src\\Illuminate\\Routing\\Router.php(798): Illuminate\\Pipeline\\Pipeline->then()
#25 C:\\Users\\Will\\Desktop\\Final Project\\Project\\program\\2\\laravelc6-main\\vendor\\laravel\\framework\\src\\Illuminate\\Routing\\Router.php(777): Illuminate\\Routing\\Router->runRouteWithinStack()
#26 C:\\Users\\Will\\Desktop\\Final Project\\Project\\program\\2\\laravelc6-main\\vendor\\laravel\\framework\\src\\Illuminate\\Routing\\Router.php(741): Illuminate\\Routing\\Router->runRoute()
#27 C:\\Users\\Will\\Desktop\\Final Project\\Project\\program\\2\\laravelc6-main\\vendor\\laravel\\framework\\src\\Illuminate\\Routing\\Router.php(730): Illuminate\\Routing\\Router->dispatchToRoute()
#28 C:\\Users\\Will\\Desktop\\Final Project\\Project\\program\\2\\laravelc6-main\\vendor\\laravel\\framework\\src\\Illuminate\\Foundation\\Http\\Kernel.php(200): Illuminate\\Routing\\Router->dispatch()
#29 C:\\Users\\Will\\Desktop\\Final Project\\Project\\program\\2\\laravelc6-main\\vendor\\laravel\\framework\\src\\Illuminate\\Pipeline\\Pipeline.php(141): Illuminate\\Foundation\\Http\\Kernel->Illuminate\\Foundation\\Http\\{closure}()
#30 C:\\Users\\Will\\Desktop\\Final Project\\Project\\program\\2\\laravelc6-main\\vendor\\barryvdh\\laravel-debugbar\\src\\Middleware\\InjectDebugbar.php(66): Illuminate\\Pipeline\\Pipeline->Illuminate\\Pipeline\\{closure}()
#31 C:\\Users\\Will\\Desktop\\Final Project\\Project\\program\\2\\laravelc6-main\\vendor\\laravel\\framework\\src\\Illuminate\\Pipeline\\Pipeline.php(180): Barryvdh\\Debugbar\\Middleware\\InjectDebugbar->handle()
#32 C:\\Users\\Will\\Desktop\\Final Project\\Project\\program\\2\\laravelc6-main\\vendor\\laravel\\framework\\src\\Illuminate\\Foundation\\Http\\Middleware\\TransformsRequest.php(21): Illuminate\\Pipeline\\Pipeline->Illuminate\\Pipeline\\{closure}()
#33 C:\\Users\\Will\\Desktop\\Final Project\\Project\\program\\2\\laravelc6-main\\vendor\\laravel\\framework\\src\\Illuminate\\Foundation\\Http\\Middleware\\ConvertEmptyStringsToNull.php(31): Illuminate\\Foundation\\Http\\Middleware\\TransformsRequest->handle()
#34 C:\\Users\\Will\\Desktop\\Final Project\\Project\\program\\2\\laravelc6-main\\vendor\\laravel\\framework\\src\\Illuminate\\Pipeline\\Pipeline.php(180): Illuminate\\Foundation\\Http\\Middleware\\ConvertEmptyStringsToNull->handle()
#35 C:\\Users\\Will\\Desktop\\Final Project\\Project\\program\\2\\laravelc6-main\\vendor\\laravel\\framework\\src\\Illuminate\\Foundation\\Http\\Middleware\\TransformsRequest.php(21): Illuminate\\Pipeline\\Pipeline->Illuminate\\Pipeline\\{closure}()
#36 C:\\Users\\Will\\Desktop\\Final Project\\Project\\program\\2\\laravelc6-main\\vendor\\laravel\\framework\\src\\Illuminate\\Foundation\\Http\\Middleware\\TrimStrings.php(40): Illuminate\\Foundation\\Http\\Middleware\\TransformsRequest->handle()
#37 C:\\Users\\Will\\Desktop\\Final Project\\Project\\program\\2\\laravelc6-main\\vendor\\laravel\\framework\\src\\Illuminate\\Pipeline\\Pipeline.php(180): Illuminate\\Foundation\\Http\\Middleware\\TrimStrings->handle()
#38 C:\\Users\\Will\\Desktop\\Final Project\\Project\\program\\2\\laravelc6-main\\vendor\\laravel\\framework\\src\\Illuminate\\Foundation\\Http\\Middleware\\ValidatePostSize.php(27): Illuminate\\Pipeline\\Pipeline->Illuminate\\Pipeline\\{closure}()
#39 C:\\Users\\Will\\Desktop\\Final Project\\Project\\program\\2\\laravelc6-main\\vendor\\laravel\\framework\\src\\Illuminate\\Pipeline\\Pipeline.php(180): Illuminate\\Foundation\\Http\\Middleware\\ValidatePostSize->handle()
#40 C:\\Users\\Will\\Desktop\\Final Project\\Project\\program\\2\\laravelc6-main\\vendor\\laravel\\framework\\src\\Illuminate\\Foundation\\Http\\Middleware\\PreventRequestsDuringMaintenance.php(99): Illuminate\\Pipeline\\Pipeline->Illuminate\\Pipeline\\{closure}()
#41 C:\\Users\\Will\\Desktop\\Final Project\\Project\\program\\2\\laravelc6-main\\vendor\\laravel\\framework\\src\\Illuminate\\Pipeline\\Pipeline.php(180): Illuminate\\Foundation\\Http\\Middleware\\PreventRequestsDuringMaintenance->handle()
#42 C:\\Users\\Will\\Desktop\\Final Project\\Project\\program\\2\\laravelc6-main\\vendor\\laravel\\framework\\src\\Illuminate\\Http\\Middleware\\HandleCors.php(49): Illuminate\\Pipeline\\Pipeline->Illuminate\\Pipeline\\{closure}()
#43 C:\\Users\\Will\\Desktop\\Final Project\\Project\\program\\2\\laravelc6-main\\vendor\\laravel\\framework\\src\\Illuminate\\Pipeline\\Pipeline.php(180): Illuminate\\Http\\Middleware\\HandleCors->handle()
#44 C:\\Users\\Will\\Desktop\\Final Project\\Project\\program\\2\\laravelc6-main\\vendor\\laravel\\framework\\src\\Illuminate\\Http\\Middleware\\TrustProxies.php(39): Illuminate\\Pipeline\\Pipeline->Illuminate\\Pipeline\\{closure}()
#45 C:\\Users\\Will\\Desktop\\Final Project\\Project\\program\\2\\laravelc6-main\\vendor\\laravel\\framework\\src\\Illuminate\\Pipeline\\Pipeline.php(180): Illuminate\\Http\\Middleware\\TrustProxies->handle()
#46 C:\\Users\\Will\\Desktop\\Final Project\\Project\\program\\2\\laravelc6-main\\vendor\\laravel\\framework\\src\\Illuminate\\Pipeline\\Pipeline.php(116): Illuminate\\Pipeline\\Pipeline->Illuminate\\Pipeline\\{closure}()
#47 C:\\Users\\Will\\Desktop\\Final Project\\Project\\program\\2\\laravelc6-main\\vendor\\laravel\\framework\\src\\Illuminate\\Foundation\\Http\\Kernel.php(175): Illuminate\\Pipeline\\Pipeline->then()
#48 C:\\Users\\Will\\Desktop\\Final Project\\Project\\program\\2\\laravelc6-main\\vendor\\laravel\\framework\\src\\Illuminate\\Foundation\\Http\\Kernel.php(144): Illuminate\\Foundation\\Http\\Kernel->sendRequestThroughRouter()
#49 C:\\Users\\Will\\Desktop\\Final Project\\Project\\program\\2\\laravelc6-main\\public\\index.php(51): Illuminate\\Foundation\\Http\\Kernel->handle()
#50 C:\\Users\\Will\\Desktop\\Final Project\\Project\\program\\2\\laravelc6-main\\vendor\\laravel\\framework\\src\\Illuminate\\Foundation\\resources\\server.php(16): require_once('...')
#51 {main}
"} 
