[2023-12-04 18:04:52] local.ERROR: Database connection [] not configured. {"exception":"[object] (InvalidArgumentException(code: 0): Database connection [] not configured. at C:\\Users\\Will\\Desktop\\Final Project\\Project\\program\\2\\Project\\vendor\\laravel\\framework\\src\\Illuminate\\Database\\DatabaseManager.php:173)
[stacktrace]
#0 C:\\Users\\Will\\Desktop\\Final Project\\Project\\program\\2\\Project\\vendor\\laravel\\framework\\src\\Illuminate\\Database\\DatabaseManager.php(136): Illuminate\\Database\\DatabaseManager->configuration()
#1 C:\\Users\\Will\\Desktop\\Final Project\\Project\\program\\2\\Project\\vendor\\laravel\\framework\\src\\Illuminate\\Database\\DatabaseManager.php(101): Illuminate\\Database\\DatabaseManager->makeConnection()
#2 C:\\Users\\Will\\Desktop\\Final Project\\Project\\program\\2\\Project\\vendor\\laravel\\framework\\src\\Illuminate\\Database\\Eloquent\\Model.php(1819): Illuminate\\Database\\DatabaseManager->connection()
#3 C:\\Users\\Will\\Desktop\\Final Project\\Project\\program\\2\\Project\\vendor\\laravel\\framework\\src\\Illuminate\\Database\\Eloquent\\Model.php(1785): Illuminate\\Database\\Eloquent\\Model::resolveConnection()
#4 C:\\Users\\Will\\Desktop\\Final Project\\Project\\program\\2\\Project\\vendor\\laravel\\framework\\src\\Illuminate\\Database\\Eloquent\\Model.php(1576): Illuminate\\Database\\Eloquent\\Model->getConnection()
#5 C:\\Users\\Will\\Desktop\\Final Project\\Project\\program\\2\\Project\\vendor\\laravel\\framework\\src\\Illuminate\\Database\\Eloquent\\Model.php(1495): Illuminate\\Database\\Eloquent\\Model->newBaseQueryBuilder()
#6 C:\\Users\\Will\\Desktop\\Final Project\\Project\\program\\2\\Project\\vendor\\laravel\\framework\\src\\Illuminate\\Database\\Eloquent\\Model.php(1531): Illuminate\\Database\\Eloquent\\Model->newModelQuery()
#7 C:\\Users\\Will\\Desktop\\Final Project\\Project\\program\\2\\Project\\vendor\\laravel\\framework\\src\\Illuminate\\Database\\Eloquent\\Model.php(1484): Illuminate\\Database\\Eloquent\\Model->newQueryWithoutScopes()
#8 C:\\Users\\Will\\Desktop\\Final Project\\Project\\program\\2\\Project\\vendor\\laravel\\framework\\src\\Illuminate\\Auth\\EloquentUserProvider.php(168): Illuminate\\Database\\Eloquent\\Model->newQuery()
#9 C:\\Users\\Will\\Desktop\\Final Project\\Project\\program\\2\\Project\\vendor\\laravel\\framework\\src\\Illuminate\\Auth\\EloquentUserProvider.php(57): Illuminate\\Auth\\EloquentUserProvider->newModelQuery()
#10 C:\\Users\\Will\\Desktop\\Final Project\\Project\\program\\2\\Project\\vendor\\laravel\\framework\\src\\Illuminate\\Auth\\SessionGuard.php(159): Illuminate\\Auth\\EloquentUserProvider->retrieveById()
#11 C:\\Users\\Will\\Desktop\\Final Project\\Project\\program\\2\\Project\\vendor\\laravel\\framework\\src\\Illuminate\\Auth\\AuthManager.php(340): Illuminate\\Auth\\SessionGuard->user()
#12 C:\\Users\\Will\\Desktop\\Final Project\\Project\\program\\2\\Project\\app\\Http\\Middleware\\HandleInertiaRequests.php(41): Illuminate\\Auth\\AuthManager->__call()
#13 C:\\Users\\Will\\Desktop\\Final Project\\Project\\program\\2\\Project\\vendor\\inertiajs\\inertia-laravel\\src\\Middleware.php(84): App\\Http\\Middleware\\HandleInertiaRequests->share()
#14 C:\\Users\\Will\\Desktop\\Final Project\\Project\\program\\2\\Project\\vendor\\laravel\\framework\\src\\Illuminate\\Pipeline\\Pipeline.php(180): Inertia\\Middleware->handle()
#15 C:\\Users\\Will\\Desktop\\Final Project\\Project\\program\\2\\Project\\vendor\\laravel\\framework\\src\\Illuminate\\Routing\\Middleware\\SubstituteBindings.php(50): Illuminate\\Pipeline\\Pipeline->Illuminate\\Pipeline\\{closure}()
#16 C:\\Users\\Will\\Desktop\\Final Project\\Project\\program\\2\\Project\\vendor\\laravel\\framework\\src\\Illuminate\\Pipeline\\Pipeline.php(180): Illuminate\\Routing\\Middleware\\SubstituteBindings->handle()
#17 C:\\Users\\Will\\Desktop\\Final Project\\Project\\program\\2\\Project\\vendor\\laravel\\framework\\src\\Illuminate\\Foundation\\Http\\Middleware\\VerifyCsrfToken.php(78): Illuminate\\Pipeline\\Pipeline->Illuminate\\Pipeline\\{closure}()
#18 C:\\Users\\Will\\Desktop\\Final Project\\Project\\program\\2\\Project\\vendor\\laravel\\framework\\src\\Illuminate\\Pipeline\\Pipeline.php(180): Illuminate\\Foundation\\Http\\Middleware\\VerifyCsrfToken->handle()
#19 C:\\Users\\Will\\Desktop\\Final Project\\Project\\program\\2\\Project\\vendor\\laravel\\framework\\src\\Illuminate\\View\\Middleware\\ShareErrorsFromSession.php(49): Illuminate\\Pipeline\\Pipeline->Illuminate\\Pipeline\\{closure}()
#20 C:\\Users\\Will\\Desktop\\Final Project\\Project\\program\\2\\Project\\vendor\\laravel\\framework\\src\\Illuminate\\Pipeline\\Pipeline.php(180): Illuminate\\View\\Middleware\\ShareErrorsFromSession->handle()
#21 C:\\Users\\Will\\Desktop\\Final Project\\Project\\program\\2\\Project\\vendor\\laravel\\framework\\src\\Illuminate\\Session\\Middleware\\StartSession.php(121): Illuminate\\Pipeline\\Pipeline->Illuminate\\Pipeline\\{closure}()
#22 C:\\Users\\Will\\Desktop\\Final Project\\Project\\program\\2\\Project\\vendor\\laravel\\framework\\src\\Illuminate\\Session\\Middleware\\StartSession.php(64): Illuminate\\Session\\Middleware\\StartSession->handleStatefulRequest()
#23 C:\\Users\\Will\\Desktop\\Final Project\\Project\\program\\2\\Project\\vendor\\laravel\\framework\\src\\Illuminate\\Pipeline\\Pipeline.php(180): Illuminate\\Session\\Middleware\\StartSession->handle()
#24 C:\\Users\\Will\\Desktop\\Final Project\\Project\\program\\2\\Project\\vendor\\laravel\\framework\\src\\Illuminate\\Cookie\\Middleware\\AddQueuedCookiesToResponse.php(37): Illuminate\\Pipeline\\Pipeline->Illuminate\\Pipeline\\{closure}()
#25 C:\\Users\\Will\\Desktop\\Final Project\\Project\\program\\2\\Project\\vendor\\laravel\\framework\\src\\Illuminate\\Pipeline\\Pipeline.php(180): Illuminate\\Cookie\\Middleware\\AddQueuedCookiesToResponse->handle()
#26 C:\\Users\\Will\\Desktop\\Final Project\\Project\\program\\2\\Project\\vendor\\laravel\\framework\\src\\Illuminate\\Cookie\\Middleware\\EncryptCookies.php(67): Illuminate\\Pipeline\\Pipeline->Illuminate\\Pipeline\\{closure}()
#27 C:\\Users\\Will\\Desktop\\Final Project\\Project\\program\\2\\Project\\vendor\\laravel\\framework\\src\\Illuminate\\Pipeline\\Pipeline.php(180): Illuminate\\Cookie\\Middleware\\EncryptCookies->handle()
#28 C:\\Users\\Will\\Desktop\\Final Project\\Project\\program\\2\\Project\\vendor\\laravel\\framework\\src\\Illuminate\\Pipeline\\Pipeline.php(116): Illuminate\\Pipeline\\Pipeline->Illuminate\\Pipeline\\{closure}()
#29 C:\\Users\\Will\\Desktop\\Final Project\\Project\\program\\2\\Project\\vendor\\laravel\\framework\\src\\Illuminate\\Routing\\Router.php(798): Illuminate\\Pipeline\\Pipeline->then()
#30 C:\\Users\\Will\\Desktop\\Final Project\\Project\\program\\2\\Project\\vendor\\laravel\\framework\\src\\Illuminate\\Routing\\Router.php(777): Illuminate\\Routing\\Router->runRouteWithinStack()
#31 C:\\Users\\Will\\Desktop\\Final Project\\Project\\program\\2\\Project\\vendor\\laravel\\framework\\src\\Illuminate\\Routing\\Router.php(741): Illuminate\\Routing\\Router->runRoute()
#32 C:\\Users\\Will\\Desktop\\Final Project\\Project\\program\\2\\Project\\vendor\\laravel\\framework\\src\\Illuminate\\Routing\\Router.php(730): Illuminate\\Routing\\Router->dispatchToRoute()
#33 C:\\Users\\Will\\Desktop\\Final Project\\Project\\program\\2\\Project\\vendor\\laravel\\framework\\src\\Illuminate\\Foundation\\Http\\Kernel.php(200): Illuminate\\Routing\\Router->dispatch()
#34 C:\\Users\\Will\\Desktop\\Final Project\\Project\\program\\2\\Project\\vendor\\laravel\\framework\\src\\Illuminate\\Pipeline\\Pipeline.php(141): Illuminate\\Foundation\\Http\\Kernel->Illuminate\\Foundation\\Http\\{closure}()
#35 C:\\Users\\Will\\Desktop\\Final Project\\Project\\program\\2\\Project\\vendor\\barryvdh\\laravel-debugbar\\src\\Middleware\\InjectDebugbar.php(66): Illuminate\\Pipeline\\Pipeline->Illuminate\\Pipeline\\{closure}()
#36 C:\\Users\\Will\\Desktop\\Final Project\\Project\\program\\2\\Project\\vendor\\laravel\\framework\\src\\Illuminate\\Pipeline\\Pipeline.php(180): Barryvdh\\Debugbar\\Middleware\\InjectDebugbar->handle()
#37 C:\\Users\\Will\\Desktop\\Final Project\\Project\\program\\2\\Project\\vendor\\laravel\\framework\\src\\Illuminate\\Foundation\\Http\\Middleware\\TransformsRequest.php(21): Illuminate\\Pipeline\\Pipeline->Illuminate\\Pipeline\\{closure}()
#38 C:\\Users\\Will\\Desktop\\Final Project\\Project\\program\\2\\Project\\vendor\\laravel\\framework\\src\\Illuminate\\Foundation\\Http\\Middleware\\ConvertEmptyStringsToNull.php(31): Illuminate\\Foundation\\Http\\Middleware\\TransformsRequest->handle()
#39 C:\\Users\\Will\\Desktop\\Final Project\\Project\\program\\2\\Project\\vendor\\laravel\\framework\\src\\Illuminate\\Pipeline\\Pipeline.php(180): Illuminate\\Foundation\\Http\\Middleware\\ConvertEmptyStringsToNull->handle()
#40 C:\\Users\\Will\\Desktop\\Final Project\\Project\\program\\2\\Project\\vendor\\laravel\\framework\\src\\Illuminate\\Foundation\\Http\\Middleware\\TransformsRequest.php(21): Illuminate\\Pipeline\\Pipeline->Illuminate\\Pipeline\\{closure}()
#41 C:\\Users\\Will\\Desktop\\Final Project\\Project\\program\\2\\Project\\vendor\\laravel\\framework\\src\\Illuminate\\Foundation\\Http\\Middleware\\TrimStrings.php(40): Illuminate\\Foundation\\Http\\Middleware\\TransformsRequest->handle()
#42 C:\\Users\\Will\\Desktop\\Final Project\\Project\\program\\2\\Project\\vendor\\laravel\\framework\\src\\Illuminate\\Pipeline\\Pipeline.php(180): Illuminate\\Foundation\\Http\\Middleware\\TrimStrings->handle()
#43 C:\\Users\\Will\\Desktop\\Final Project\\Project\\program\\2\\Project\\vendor\\laravel\\framework\\src\\Illuminate\\Foundation\\Http\\Middleware\\ValidatePostSize.php(27): Illuminate\\Pipeline\\Pipeline->Illuminate\\Pipeline\\{closure}()
#44 C:\\Users\\Will\\Desktop\\Final Project\\Project\\program\\2\\Project\\vendor\\laravel\\framework\\src\\Illuminate\\Pipeline\\Pipeline.php(180): Illuminate\\Foundation\\Http\\Middleware\\ValidatePostSize->handle()
#45 C:\\Users\\Will\\Desktop\\Final Project\\Project\\program\\2\\Project\\vendor\\laravel\\framework\\src\\Illuminate\\Foundation\\Http\\Middleware\\PreventRequestsDuringMaintenance.php(99): Illuminate\\Pipeline\\Pipeline->Illuminate\\Pipeline\\{closure}()
#46 C:\\Users\\Will\\Desktop\\Final Project\\Project\\program\\2\\Project\\vendor\\laravel\\framework\\src\\Illuminate\\Pipeline\\Pipeline.php(180): Illuminate\\Foundation\\Http\\Middleware\\PreventRequestsDuringMaintenance->handle()
#47 C:\\Users\\Will\\Desktop\\Final Project\\Project\\program\\2\\Project\\vendor\\laravel\\framework\\src\\Illuminate\\Http\\Middleware\\HandleCors.php(49): Illuminate\\Pipeline\\Pipeline->Illuminate\\Pipeline\\{closure}()
#48 C:\\Users\\Will\\Desktop\\Final Project\\Project\\program\\2\\Project\\vendor\\laravel\\framework\\src\\Illuminate\\Pipeline\\Pipeline.php(180): Illuminate\\Http\\Middleware\\HandleCors->handle()
#49 C:\\Users\\Will\\Desktop\\Final Project\\Project\\program\\2\\Project\\vendor\\laravel\\framework\\src\\Illuminate\\Http\\Middleware\\TrustProxies.php(39): Illuminate\\Pipeline\\Pipeline->Illuminate\\Pipeline\\{closure}()
#50 C:\\Users\\Will\\Desktop\\Final Project\\Project\\program\\2\\Project\\vendor\\laravel\\framework\\src\\Illuminate\\Pipeline\\Pipeline.php(180): Illuminate\\Http\\Middleware\\TrustProxies->handle()
#51 C:\\Users\\Will\\Desktop\\Final Project\\Project\\program\\2\\Project\\vendor\\laravel\\framework\\src\\Illuminate\\Pipeline\\Pipeline.php(116): Illuminate\\Pipeline\\Pipeline->Illuminate\\Pipeline\\{closure}()
#52 C:\\Users\\Will\\Desktop\\Final Project\\Project\\program\\2\\Project\\vendor\\laravel\\framework\\src\\Illuminate\\Foundation\\Http\\Kernel.php(175): Illuminate\\Pipeline\\Pipeline->then()
#53 C:\\Users\\Will\\Desktop\\Final Project\\Project\\program\\2\\Project\\vendor\\laravel\\framework\\src\\Illuminate\\Foundation\\Http\\Kernel.php(144): Illuminate\\Foundation\\Http\\Kernel->sendRequestThroughRouter()
#54 C:\\Users\\Will\\Desktop\\Final Project\\Project\\program\\2\\Project\\public\\index.php(51): Illuminate\\Foundation\\Http\\Kernel->handle()
#55 C:\\Users\\Will\\Desktop\\Final Project\\Project\\program\\2\\Project\\vendor\\laravel\\framework\\src\\Illuminate\\Foundation\\resources\\server.php(16): require_once('...')
#56 {main}
"} 
